<?xml version="1.0" encoding="UTF-8"?>
<testng-results skipped="0" failed="0" ignored="0" total="1" passed="1">
  <reporter-output>
  </reporter-output>
  <suite name="Default suite" duration-ms="14884" started-at="2020-12-14T18:50:12 CST" finished-at="2020-12-14T18:50:26 CST">
    <groups>
    </groups>
    <test name="Default test" duration-ms="14884" started-at="2020-12-14T18:50:12 CST" finished-at="2020-12-14T18:50:26 CST">
      <class name="test.AddCustomerTest">
        <test-method status="PASS" signature="userShouldBeAbleToCreateNewCustomer()[pri:0, instance:test.AddCustomerTest@292b08d6]" name="userShouldBeAbleToCreateNewCustomer" duration-ms="14850" started-at="2020-12-14T18:50:12 CST" finished-at="2020-12-14T18:50:26 CST">
          <reporter-output>
          </reporter-output>
        </test-method> <!-- userShouldBeAbleToCreateNewCustomer -->
      </class> <!-- test.AddCustomerTest -->
    </test> <!-- Default test -->
  </suite> <!-- Default suite -->
</testng-results>
